<?xml version="1.0" encoding="UTF-8"?>
<!-- Generated by org.testng.reporters.JUnitReportReporter -->
<testsuite hostname="Akanksha" failures="0" tests="6" name="runners.TestRunner" time="262.442" errors="0" timestamp="2026-05-23T12:49:13 IST" skipped="0">
  <testcase classname="runners.TestRunner" name="runScenario" time="55.570"/>
  <testcase classname="runners.TestRunner" name="runScenario" time="89.330"/>
  <testcase classname="runners.TestRunner" name="runScenario" time="8.010"/>
  <testcase classname="runners.TestRunner" name="runScenario" time="28.298"/>
  <testcase classname="runners.TestRunner" name="runScenario" time="37.754"/>
  <testcase classname="runners.TestRunner" name="runScenario" time="43.480"/>
</testsuite> <!-- runners.TestRunner -->
