<?xml version="1.0" encoding="UTF-8"?>
<!-- Generated by org.testng.reporters.JUnitReportReporter -->
<testsuite hostname="Akanksha" failures="0" tests="23" name="runners.TestRunner" time="198.478" errors="0" timestamp="2026-05-25T03:28:02 IST" skipped="0">
  <testcase classname="runners.TestRunner" name="runScenario" time="6.947"/>
  <testcase classname="runners.TestRunner" name="runScenario" time="10.582"/>
  <testcase classname="runners.TestRunner" name="runScenario" time="3.716"/>
  <testcase classname="runners.TestRunner" name="runScenario" time="6.166"/>
  <testcase classname="runners.TestRunner" name="runScenario" time="4.852"/>
  <testcase classname="runners.TestRunner" name="runScenario" time="9.564"/>
  <testcase classname="runners.TestRunner" name="runScenario" time="5.151"/>
  <testcase classname="runners.TestRunner" name="runScenario" time="11.027"/>
  <testcase classname="runners.TestRunner" name="runScenario" time="4.449"/>
  <testcase classname="runners.TestRunner" name="runScenario" time="8.254"/>
  <testcase classname="runners.TestRunner" name="runScenario" time="29.233"/>
  <testcase classname="runners.TestRunner" name="runScenario" time="13.182"/>
  <testcase classname="runners.TestRunner" name="runScenario" time="11.977"/>
  <testcase classname="runners.TestRunner" name="runScenario" time="5.147"/>
  <testcase classname="runners.TestRunner" name="runScenario" time="6.657"/>
  <testcase classname="runners.TestRunner" name="runScenario" time="5.732"/>
  <testcase classname="runners.TestRunner" name="runScenario" time="11.087"/>
  <testcase classname="runners.TestRunner" name="runScenario" time="4.192"/>
  <testcase classname="runners.TestRunner" name="runScenario" time="5.262"/>
  <testcase classname="runners.TestRunner" name="runScenario" time="6.700"/>
  <testcase classname="runners.TestRunner" name="runScenario" time="7.415"/>
  <testcase classname="runners.TestRunner" name="runScenario" time="7.644"/>
  <testcase classname="runners.TestRunner" name="runScenario" time="13.542"/>
</testsuite> <!-- runners.TestRunner -->
